<?xml version="1.0" encoding="UTF-8"?>
<!-- Generated by org.testng.reporters.JUnitReportReporter -->
<testsuite hostname="USMUMSAMJAIN01" failures="0" tests="1" name="com.test.UpdateRequest" time="1.650" errors="0" timestamp="2023-12-31T11:14:20 IST" skipped="0">
  <testcase classname="com.test.UpdateRequest" name="updateTest" time="1.650"/>
  <system-out/>
</testsuite> <!-- com.test.UpdateRequest -->
