<?xml version="1.0" encoding="UTF-8"?>
<!-- Generated by org.testng.reporters.JUnitReportReporter -->
<testsuite hostname="USMUMSAMJAIN01" failures="0" tests="1" name="com.test.PostRequestUsingPojo" time="1.928" errors="1" timestamp="2023-12-31T11:31:46 IST" skipped="0">
  <testcase classname="com.test.PostRequestUsingPojo" name="pojoTest" time="1.928">
    <error message="com.fasterxml.jackson.core.JsonParseException: Unrecognized token &#039;C&#039;: was expecting (JSON String, Number, Array, Object or token &#039;null&#039;, &#039;true&#039; or &#039;false&#039;)
 at [Source: REDACTED (`StreamReadFeature.INCLUDE_SOURCE_IN_LOCATION` disabled); line: 1, column: 2]" type="io.restassured.module.jsv.JsonSchemaValidationException">
      <![CDATA[io.restassured.module.jsv.JsonSchemaValidationException: com.fasterxml.jackson.core.JsonParseException: Unrecognized token 'C': was expecting (JSON String, Number, Array, Object or token 'null', 'true' or 'false')
 at [Source: REDACTED (`StreamReadFeature.INCLUDE_SOURCE_IN_LOCATION` disabled); line: 1, column: 2]
at io.restassured.module.jsv.JsonSchemaValidator$JsonSchemaValidatorFactory.create(JsonSchemaValidator.java:286)
at io.restassured.module.jsv.JsonSchemaValidator.matchesJsonSchema(JsonSchemaValidator.java:107)
at com.test.PostRequestUsingPojo.pojoTest(PostRequestUsingPojo.java:34)
at java.base/jdk.internal.reflect.NativeMethodAccessorImpl.invoke0(Native Method)
at java.base/jdk.internal.reflect.NativeMethodAccessorImpl.invoke(NativeMethodAccessorImpl.java:78)
at java.base/jdk.internal.reflect.DelegatingMethodAccessorImpl.invoke(DelegatingMethodAccessorImpl.java:43)
at java.base/java.lang.reflect.Method.invoke(Method.java:567)
at org.testng.internal.invokers.MethodInvocationHelper.invokeMethod(MethodInvocationHelper.java:139)
at org.testng.internal.invokers.TestInvoker.invokeMethod(TestInvoker.java:677)
at org.testng.internal.invokers.TestInvoker.invokeTestMethod(TestInvoker.java:221)
at org.testng.internal.invokers.MethodRunner.runInSequence(MethodRunner.java:50)
at org.testng.internal.invokers.TestInvoker$MethodInvocationAgent.invoke(TestInvoker.java:969)
at org.testng.internal.invokers.TestInvoker.invokeTestMethods(TestInvoker.java:194)
at org.testng.internal.invokers.TestMethodWorker.invokeTestMethods(TestMethodWorker.java:148)
at org.testng.internal.invokers.TestMethodWorker.run(TestMethodWorker.java:128)
at java.base/java.util.ArrayList.forEach(ArrayList.java:1511)
at org.testng.TestRunner.privateRun(TestRunner.java:829)
at org.testng.TestRunner.run(TestRunner.java:602)
at org.testng.SuiteRunner.runTest(SuiteRunner.java:437)
at org.testng.SuiteRunner.runSequentially(SuiteRunner.java:431)
at org.testng.SuiteRunner.privateRun(SuiteRunner.java:391)
at org.testng.SuiteRunner.run(SuiteRunner.java:330)
at org.testng.SuiteRunnerWorker.runSuite(SuiteRunnerWorker.java:52)
at org.testng.SuiteRunnerWorker.run(SuiteRunnerWorker.java:95)
at org.testng.TestNG.runSuitesSequentially(TestNG.java:1256)
at org.testng.TestNG.runSuitesLocally(TestNG.java:1176)
at org.testng.TestNG.runSuites(TestNG.java:1099)
at org.testng.TestNG.run(TestNG.java:1067)
at org.testng.remote.AbstractRemoteTestNG.run(AbstractRemoteTestNG.java:115)
at org.testng.remote.RemoteTestNG.initAndRun(RemoteTestNG.java:251)
at org.testng.remote.RemoteTestNG.main(RemoteTestNG.java:77)
Caused by: com.fasterxml.jackson.core.JsonParseException: Unrecognized token 'C': was expecting (JSON String, Number, Array, Object or token 'null', 'true' or 'false')
 at [Source: REDACTED (`StreamReadFeature.INCLUDE_SOURCE_IN_LOCATION` disabled); line: 1, column: 2]
at com.fasterxml.jackson.core.JsonParser._constructError(JsonParser.java:2481)
at com.fasterxml.jackson.core.base.ParserMinimalBase._reportError(ParserMinimalBase.java:762)
at com.fasterxml.jackson.core.json.ReaderBasedJsonParser._reportInvalidToken(ReaderBasedJsonParser.java:3042)
at com.fasterxml.jackson.core.json.ReaderBasedJsonParser._handleOddValue(ReaderBasedJsonParser.java:2085)
at com.fasterxml.jackson.core.json.ReaderBasedJsonParser.nextToken(ReaderBasedJsonParser.java:812)
at com.fasterxml.jackson.databind.MappingIterator.hasNextValue(MappingIterator.java:246)
at com.github.fge.jackson.JsonNodeReader.readNode(JsonNodeReader.java:149)
at com.github.fge.jackson.JsonNodeReader.fromReader(JsonNodeReader.java:129)
at com.github.fge.jackson.JsonLoader.fromReader(JsonLoader.java:186)
at com.github.fge.jackson.JsonLoader.fromString(JsonLoader.java:199)
at io.restassured.module.jsv.JsonSchemaValidator$1.createSchemaInstance(JsonSchemaValidator.java:105)
at io.restassured.module.jsv.JsonSchemaValidator$1.createSchemaInstance(JsonSchemaValidator.java:102)
at io.restassured.module.jsv.JsonSchemaValidator$JsonSchemaValidatorFactory.create(JsonSchemaValidator.java:284)
... 30 more
]]>
    </error>
  </testcase> <!-- pojoTest -->
  <system-out/>
</testsuite> <!-- com.test.PostRequestUsingPojo -->
