<?xml version="1.0" encoding="UTF-8"?>
<!-- Generated by org.testng.reporters.JUnitReportReporter -->
<testsuite hostname="USMUMSAMJAIN01" failures="0" tests="1" name="com.test.PostRequest" time="1.612" errors="0" timestamp="2023-12-30T11:42:38 IST" skipped="0">
  <testcase classname="com.test.PostRequest" name="test" time="1.612"/>
  <system-out/>
</testsuite> <!-- com.test.PostRequest -->
