<?xml version="1.0" encoding="UTF-8"?>
<!-- Generated by org.testng.reporters.JUnitReportReporter -->
<testsuite hostname="USMUMSAMJAIN01" failures="0" tests="2" name="com.test.GetTest" time="2.435" errors="0" timestamp="2023-12-30T18:31:45 IST" skipped="0">
  <testcase classname="com.test.GetTest" name="getEmployeeDetails2" time="0.623"/>
  <system-out/>
  <testcase classname="com.test.GetTest" name="getEmployeeDetails" time="1.812"/>
  <system-out/>
</testsuite> <!-- com.test.GetTest -->
