<?xml version="1.0" encoding="UTF-8"?>
<!-- Generated by org.testng.reporters.JUnitReportReporter -->
<testsuite hostname="USMUMSAMJAIN01" failures="0" tests="1" name="com.test.GetRequest" time="1.578" errors="0" timestamp="2023-12-31T11:43:38 IST" skipped="0">
  <testcase classname="com.test.GetRequest" name="getEmployee" time="1.578"/>
  <system-out/>
</testsuite> <!-- com.test.GetRequest -->
